0 info it worked if it ends with ok
1 verbose cli [ 'node',
1 verbose cli   '/usr/local/bin/npm',
1 verbose cli   'install',
1 verbose cli   'grunt-stencil',
1 verbose cli   '--save-dev' ]
2 info using npm@1.4.28
3 info using node@v0.10.35
4 warn package.json Front-End-Ammo@0.0.1 No repository field.
5 warn package.json Front-End-Ammo@0.0.1 No README data
6 verbose readDependencies using package.json deps
7 verbose cache add [ 'grunt-stencil', null ]
8 verbose cache add name=undefined spec="grunt-stencil" args=["grunt-stencil",null]
9 verbose parsed url { protocol: null,
9 verbose parsed url   slashes: null,
9 verbose parsed url   auth: null,
9 verbose parsed url   host: null,
9 verbose parsed url   port: null,
9 verbose parsed url   hostname: null,
9 verbose parsed url   hash: null,
9 verbose parsed url   search: null,
9 verbose parsed url   query: null,
9 verbose parsed url   pathname: 'grunt-stencil',
9 verbose parsed url   path: 'grunt-stencil',
9 verbose parsed url   href: 'grunt-stencil' }
10 silly lockFile e5f49cfa-grunt-stencil grunt-stencil
11 verbose lock grunt-stencil /Users/alexanderorr/.npm/e5f49cfa-grunt-stencil.lock
12 silly lockFile e5f49cfa-grunt-stencil grunt-stencil
13 silly lockFile e5f49cfa-grunt-stencil grunt-stencil
14 verbose addNamed [ 'grunt-stencil', '' ]
15 verbose addNamed [ null, '*' ]
16 silly lockFile 49135ebc-grunt-stencil grunt-stencil@
17 verbose lock grunt-stencil@ /Users/alexanderorr/.npm/49135ebc-grunt-stencil.lock
18 silly addNameRange { name: 'grunt-stencil', range: '*', hasData: false }
19 verbose request where is /grunt-stencil
20 verbose request registry https://registry.npmjs.org/
21 verbose request id 8406f637679a822c
22 verbose url raw /grunt-stencil
23 verbose url resolving [ 'https://registry.npmjs.org/', './grunt-stencil' ]
24 verbose url resolved https://registry.npmjs.org/grunt-stencil
25 verbose request where is https://registry.npmjs.org/grunt-stencil
26 info trying registry request attempt 1 at 10:06:13
27 verbose etag "4RYAWYOGIOK922CM2XBGQ1MIP"
28 http GET https://registry.npmjs.org/grunt-stencil
29 http 200 https://registry.npmjs.org/grunt-stencil
30 silly registry.get cb [ 200,
30 silly registry.get   { date: 'Sat, 17 Jan 2015 18:06:13 GMT',
30 silly registry.get     server: 'CouchDB/1.5.0 (Erlang OTP/R16B03)',
30 silly registry.get     etag: '"503PR9HKSAQ15MS98FT7CNRC6"',
30 silly registry.get     'content-type': 'application/json',
30 silly registry.get     'cache-control': 'max-age=60',
30 silly registry.get     'content-length': '20827',
30 silly registry.get     'accept-ranges': 'bytes',
30 silly registry.get     via: '1.1 varnish',
30 silly registry.get     age: '0',
30 silly registry.get     'x-served-by': 'cache-ord1725-ORD',
30 silly registry.get     'x-cache': 'MISS',
30 silly registry.get     'x-cache-hits': '0',
30 silly registry.get     'x-timer': 'S1421517973.524593,VS0,VE338',
30 silly registry.get     vary: 'Accept',
30 silly registry.get     'keep-alive': 'timeout=10, max=50',
30 silly registry.get     connection: 'Keep-Alive' } ]
31 silly addNameRange number 2 { name: 'grunt-stencil', range: '*', hasData: true }
32 silly addNameRange versions [ 'grunt-stencil',
32 silly addNameRange   [ '0.0.1',
32 silly addNameRange     '0.0.2',
32 silly addNameRange     '0.0.3',
32 silly addNameRange     '0.1.0',
32 silly addNameRange     '1.0.0',
32 silly addNameRange     '1.0.1',
32 silly addNameRange     '1.0.2',
32 silly addNameRange     '1.1.0' ] ]
33 verbose addNamed [ 'grunt-stencil', '1.1.0' ]
34 verbose addNamed [ '1.1.0', '1.1.0' ]
35 silly lockFile 9cd3bc1a-grunt-stencil-1-1-0 grunt-stencil@1.1.0
36 verbose lock grunt-stencil@1.1.0 /Users/alexanderorr/.npm/9cd3bc1a-grunt-stencil-1-1-0.lock
37 warn deprecated grunt-stencil@1.1.0: Please use Zetzer instead https://npmjs.org/zetzer
38 silly lockFile fd2b4600--stencil-grunt-stencil-1-1-0-tgz https://registry.npmjs.org/grunt-stencil/-/grunt-stencil-1.1.0.tgz
39 verbose lock https://registry.npmjs.org/grunt-stencil/-/grunt-stencil-1.1.0.tgz /Users/alexanderorr/.npm/fd2b4600--stencil-grunt-stencil-1-1-0-tgz.lock
40 verbose addRemoteTarball [ 'https://registry.npmjs.org/grunt-stencil/-/grunt-stencil-1.1.0.tgz',
40 verbose addRemoteTarball   '9c704f668c783489f7e626c08906f415df0c7a7f' ]
41 info retry fetch attempt 1 at 10:06:14
42 verbose fetch to= /var/folders/k_/k1rbl225605ftvq2_2ybtnnc0000gp/T/npm-11103-y2yNOBEE/registry.npmjs.org/grunt-stencil/-/grunt-stencil-1.1.0.tgz
43 http GET https://registry.npmjs.org/grunt-stencil/-/grunt-stencil-1.1.0.tgz
44 http 200 https://registry.npmjs.org/grunt-stencil/-/grunt-stencil-1.1.0.tgz
45 silly lockFile fd2b4600--stencil-grunt-stencil-1-1-0-tgz https://registry.npmjs.org/grunt-stencil/-/grunt-stencil-1.1.0.tgz
46 silly lockFile fd2b4600--stencil-grunt-stencil-1-1-0-tgz https://registry.npmjs.org/grunt-stencil/-/grunt-stencil-1.1.0.tgz
47 silly lockFile 9cd3bc1a-grunt-stencil-1-1-0 grunt-stencil@1.1.0
48 silly lockFile 9cd3bc1a-grunt-stencil-1-1-0 grunt-stencil@1.1.0
49 silly lockFile 49135ebc-grunt-stencil grunt-stencil@
50 silly lockFile 49135ebc-grunt-stencil grunt-stencil@
51 error Error: EACCES, mkdir '/Users/alexanderorr/.npm/grunt-stencil/1.1.0'
51 error  { [Error: EACCES, mkdir '/Users/alexanderorr/.npm/grunt-stencil/1.1.0']
51 error   errno: 3,
51 error   code: 'EACCES',
51 error   path: '/Users/alexanderorr/.npm/grunt-stencil/1.1.0',
51 error   parent: 'Front-End-Ammo' }
52 error Please try running this command again as root/Administrator.
53 error System Darwin 14.0.0
54 error command "node" "/usr/local/bin/npm" "install" "grunt-stencil" "--save-dev"
55 error cwd /Users/alexanderorr/Sites/Front-End-Ammo
56 error node -v v0.10.35
57 error npm -v 1.4.28
58 error path /Users/alexanderorr/.npm/grunt-stencil/1.1.0
59 error code EACCES
60 error errno 3
61 error stack Error: EACCES, mkdir '/Users/alexanderorr/.npm/grunt-stencil/1.1.0'
62 verbose exit [ 3, true ]
